Compiling the CUDA compiler identification source file "CMakeCUDACompilerId.cu" failed.
Compiler: /usr/local/cuda/bin/nvcc 
Build flags: "--expt-relaxed-constexpr";-D__CUDA_NO_HALF_OPERATORS__;-D__CUDA_NO_HALF_CONVERSIONS__
Id flags:  -v;--keep;--keep-dir;tmp

The output was:
1
#$ _NVVM_BRANCH_=nvvm
#$ _SPACE_= 
#$ _CUDART_=cudart
#$ _HERE_=/usr/local/cuda/bin
#$ _THERE_=/usr/local/cuda/bin
#$ _TARGET_SIZE_=
#$ _TARGET_DIR_=
#$ _TARGET_DIR_=targets/x86_64-linux
#$ TOP=/usr/local/cuda/bin/..
#$ NVVMIR_LIBRARY_DIR=/usr/local/cuda/bin/../nvvm/libdevice
#$ LD_LIBRARY_PATH=/usr/local/cuda/bin/../lib:/opt/ros/noetic/lib:/opt/ros/noetic/lib/x86_64-linux-gnu:/usr/local/cuda/lib64:/usr/local/cuda/lib64:/usr/local/cuda/lib64
#$ PATH=/usr/local/cuda/bin/../nvvm/bin:/usr/local/cuda/bin:/opt/ros/noetic/bin:/usr/local/cuda-11.3/bin:/usr/include/boost:/usr/bin/cmake:/usr/local/cuda-11.3/bin:/home/drcl/anaconda3/envs/second/bin:/home/drcl/anaconda3/condabin:/usr/local/cuda-11.3/bin:/usr/local/sbin:/usr/local/bin:/usr/sbin:/usr/bin:/sbin:/bin:/usr/games:/usr/local/games:/snap/bin
#$ INCLUDES="-I/usr/local/cuda/bin/../targets/x86_64-linux/include"  
#$ LIBRARIES=  "-L/usr/local/cuda/bin/../targets/x86_64-linux/lib/stubs" "-L/usr/local/cuda/bin/../targets/x86_64-linux/lib"
#$ CUDAFE_FLAGS=
#$ PTXAS_FLAGS=
nvcc fatal   : Don't know what to do with '"--expt-relaxed-constexpr"'


Performing C++ SOURCE FILE Test CMAKE_HAVE_LIBC_PTHREAD failed with the following output:
Change Dir: /home/drcl/workspace/lidar-camera-fusion-study/lidar_based/spconv-1.2.1/build/temp.linux-x86_64-3.8/CMakeFiles/CMakeTmp

Run Build Command(s):/usr/bin/make cmTC_a40ea/fast && /usr/bin/make -f CMakeFiles/cmTC_a40ea.dir/build.make CMakeFiles/cmTC_a40ea.dir/build
make[1]: Entering directory '/home/drcl/workspace/lidar-camera-fusion-study/lidar_based/spconv-1.2.1/build/temp.linux-x86_64-3.8/CMakeFiles/CMakeTmp'
Building CXX object CMakeFiles/cmTC_a40ea.dir/src.cxx.o
/usr/bin/c++    -DVERSION_INFO=\"1.2.1\" -DCMAKE_HAVE_LIBC_PTHREAD   -o CMakeFiles/cmTC_a40ea.dir/src.cxx.o -c /home/drcl/workspace/lidar-camera-fusion-study/lidar_based/spconv-1.2.1/build/temp.linux-x86_64-3.8/CMakeFiles/CMakeTmp/src.cxx
Linking CXX executable cmTC_a40ea
/usr/bin/cmake -E cmake_link_script CMakeFiles/cmTC_a40ea.dir/link.txt --verbose=1
/usr/bin/c++  -DVERSION_INFO=\"1.2.1\" -DCMAKE_HAVE_LIBC_PTHREAD    CMakeFiles/cmTC_a40ea.dir/src.cxx.o  -o cmTC_a40ea 
/usr/bin/ld: CMakeFiles/cmTC_a40ea.dir/src.cxx.o: in function `main':
src.cxx:(.text+0x46): undefined reference to `pthread_create'
/usr/bin/ld: src.cxx:(.text+0x52): undefined reference to `pthread_detach'
/usr/bin/ld: src.cxx:(.text+0x63): undefined reference to `pthread_join'
collect2: error: ld returned 1 exit status
make[1]: *** [CMakeFiles/cmTC_a40ea.dir/build.make:87: cmTC_a40ea] Error 1
make[1]: Leaving directory '/home/drcl/workspace/lidar-camera-fusion-study/lidar_based/spconv-1.2.1/build/temp.linux-x86_64-3.8/CMakeFiles/CMakeTmp'
make: *** [Makefile:121: cmTC_a40ea/fast] Error 2


Source file was:
#include <pthread.h>

void* test_func(void* data)
{
  return data;
}

int main(void)
{
  pthread_t thread;
  pthread_create(&thread, NULL, test_func, NULL);
  pthread_detach(thread);
  pthread_join(thread, NULL);
  pthread_atfork(NULL, NULL, NULL);
  pthread_exit(NULL);

  return 0;
}

Determining if the function pthread_create exists in the pthreads failed with the following output:
Change Dir: /home/drcl/workspace/lidar-camera-fusion-study/lidar_based/spconv-1.2.1/build/temp.linux-x86_64-3.8/CMakeFiles/CMakeTmp

Run Build Command(s):/usr/bin/make cmTC_2862a/fast && /usr/bin/make -f CMakeFiles/cmTC_2862a.dir/build.make CMakeFiles/cmTC_2862a.dir/build
make[1]: Entering directory '/home/drcl/workspace/lidar-camera-fusion-study/lidar_based/spconv-1.2.1/build/temp.linux-x86_64-3.8/CMakeFiles/CMakeTmp'
Building CXX object CMakeFiles/cmTC_2862a.dir/CheckFunctionExists.cxx.o
/usr/bin/c++    -DVERSION_INFO=\"1.2.1\" -DCHECK_FUNCTION_EXISTS=pthread_create   -o CMakeFiles/cmTC_2862a.dir/CheckFunctionExists.cxx.o -c /home/drcl/workspace/lidar-camera-fusion-study/lidar_based/spconv-1.2.1/build/temp.linux-x86_64-3.8/CMakeFiles/CheckLibraryExists/CheckFunctionExists.cxx
Linking CXX executable cmTC_2862a
/usr/bin/cmake -E cmake_link_script CMakeFiles/cmTC_2862a.dir/link.txt --verbose=1
/usr/bin/c++  -DVERSION_INFO=\"1.2.1\" -DCHECK_FUNCTION_EXISTS=pthread_create    CMakeFiles/cmTC_2862a.dir/CheckFunctionExists.cxx.o  -o cmTC_2862a  -lpthreads 
/usr/bin/ld: cannot find -lpthreads
collect2: error: ld returned 1 exit status
make[1]: *** [CMakeFiles/cmTC_2862a.dir/build.make:87: cmTC_2862a] Error 1
make[1]: Leaving directory '/home/drcl/workspace/lidar-camera-fusion-study/lidar_based/spconv-1.2.1/build/temp.linux-x86_64-3.8/CMakeFiles/CMakeTmp'
make: *** [Makefile:121: cmTC_2862a/fast] Error 2



